0 info it worked if it ends with ok
1 verbose cli [ '/home/zurima/.nvm/versions/node/v5.2.0/bin/node',
1 verbose cli   '/home/zurima/.nvm/versions/node/v5.2.0/bin/npm',
1 verbose cli   'start' ]
2 info using npm@3.10.10
3 info using node@v5.2.0
4 verbose run-script [ 'prestart', 'start', 'poststart' ]
5 info lifecycle simplefolio@1.0.1~prestart: simplefolio@1.0.1
6 silly lifecycle simplefolio@1.0.1~prestart: no script for prestart, continuing
7 info lifecycle simplefolio@1.0.1~start: simplefolio@1.0.1
8 verbose lifecycle simplefolio@1.0.1~start: unsafe-perm in lifecycle true
9 verbose lifecycle simplefolio@1.0.1~start: PATH: /home/zurima/.nvm/versions/node/v5.2.0/lib/node_modules/npm/bin/node-gyp-bin:/home/zurima/Documents/personales/simplefolio/node_modules/.bin:/home/zurima/.nvm/versions/node/v5.2.0/bin:/usr/local/sbin:/usr/local/bin:/usr/sbin:/usr/bin:/sbin:/bin:/usr/games:/usr/local/games:/snap/bin
10 verbose lifecycle simplefolio@1.0.1~start: CWD: /home/zurima/Documents/personales/simplefolio
11 silly lifecycle simplefolio@1.0.1~start: Args: [ '-c', 'webpack-dev-server --config webpack.dev.js --open' ]
12 silly lifecycle simplefolio@1.0.1~start: Returned: code: 1  signal: null
13 info lifecycle simplefolio@1.0.1~start: Failed to exec start script
14 verbose stack Error: simplefolio@1.0.1 start: `webpack-dev-server --config webpack.dev.js --open`
14 verbose stack Exit status 1
14 verbose stack     at EventEmitter.<anonymous> (/home/zurima/.nvm/versions/node/v5.2.0/lib/node_modules/npm/lib/utils/lifecycle.js:255:16)
14 verbose stack     at emitTwo (events.js:88:13)
14 verbose stack     at EventEmitter.emit (events.js:173:7)
14 verbose stack     at ChildProcess.<anonymous> (/home/zurima/.nvm/versions/node/v5.2.0/lib/node_modules/npm/lib/utils/spawn.js:40:14)
14 verbose stack     at emitTwo (events.js:88:13)
14 verbose stack     at ChildProcess.emit (events.js:173:7)
14 verbose stack     at maybeClose (internal/child_process.js:819:16)
14 verbose stack     at Process.ChildProcess._handle.onexit (internal/child_process.js:212:5)
15 verbose pkgid simplefolio@1.0.1
16 verbose cwd /home/zurima/Documents/personales/simplefolio
17 error Linux 5.3.0-62-generic
18 error argv "/home/zurima/.nvm/versions/node/v5.2.0/bin/node" "/home/zurima/.nvm/versions/node/v5.2.0/bin/npm" "start"
19 error node v5.2.0
20 error npm  v3.10.10
21 error code ELIFECYCLE
22 error simplefolio@1.0.1 start: `webpack-dev-server --config webpack.dev.js --open`
22 error Exit status 1
23 error Failed at the simplefolio@1.0.1 start script 'webpack-dev-server --config webpack.dev.js --open'.
23 error Make sure you have the latest version of node.js and npm installed.
23 error If you do, this is most likely a problem with the simplefolio package,
23 error not with npm itself.
23 error Tell the author that this fails on your system:
23 error     webpack-dev-server --config webpack.dev.js --open
23 error You can get information on how to open an issue for this project with:
23 error     npm bugs simplefolio
23 error Or if that isn't available, you can get their info via:
23 error     npm owner ls simplefolio
23 error There is likely additional logging output above.
24 verbose exit [ 1, true ]
